<?xml version="1.0" encoding="UTF-8"?>
<!-- Generated by org.testng.reporters.JUnitReportReporter -->
<testsuite hostname="Dell" failures="0" tests="2" name="test.cases.LoginFunctionality" time="33.011" errors="0" timestamp="2022-10-17T18:50:41 IST" skipped="0">
  <testcase classname="test.cases.LoginFunctionality" name="Login" time="27.542"/>
  <system-out/>
  <testcase classname="test.cases.LoginFunctionality" name="Profile" time="5.469"/>
  <system-out/>
</testsuite> <!-- test.cases.LoginFunctionality -->
